[debug] [2023-06-01T19:49:51.259Z] ----------------------------------------------------------------------
[debug] [2023-06-01T19:49:51.260Z] Command:       /usr/local/bin/node /usr/local/bin/firebase init
[debug] [2023-06-01T19:49:51.260Z] CLI Version:   12.2.1
[debug] [2023-06-01T19:49:51.261Z] Platform:      darwin
[debug] [2023-06-01T19:49:51.261Z] Node Version:  v18.13.0
[debug] [2023-06-01T19:49:51.261Z] Time:          Thu Jun 01 2023 12:49:51 GMT-0700 (Pacific Daylight Time)
[debug] [2023-06-01T19:49:51.261Z] ----------------------------------------------------------------------
[debug] 
[debug] [2023-06-01T19:49:51.264Z] > command requires scopes: ["email","openid","https://www.googleapis.com/auth/cloudplatformprojects.readonly","https://www.googleapis.com/auth/firebase","https://www.googleapis.com/auth/cloud-platform"]
[debug] [2023-06-01T19:49:51.264Z] > authorizing via signed-in user (kram18.mg@gmail.com)
[info] 
     ######## #### ########  ######## ########     ###     ######  ########
     ##        ##  ##     ## ##       ##     ##  ##   ##  ##       ##
     ######    ##  ########  ######   ########  #########  ######  ######
     ##        ##  ##    ##  ##       ##     ## ##     ##       ## ##
     ##       #### ##     ## ######## ########  ##     ##  ######  ########

You're about to initialize a Firebase project in this directory:

  /Users/mark/my-port

[info] 
=== Project Setup
[info] 
[info] First, let's associate this project directory with a Firebase project.
[info] You can create multiple project aliases by running firebase use --add, 
[info] but for now we'll just set up a default project.
[info] 
[info] i  If you want to create a project in a Google Cloud organization or folder, please use "firebase projects:create" instead, and return to this command when you've created the project. 
[debug] [2023-06-01T19:50:25.828Z] >>> [apiv2][query] POST https://cloudresourcemanager.googleapis.com/v1/projects [none]
[debug] [2023-06-01T19:50:25.828Z] >>> [apiv2][body] POST https://cloudresourcemanager.googleapis.com/v1/projects {"projectId":"webdev-Resume-1238463829","name":"webdev-Resume"}
[debug] [2023-06-01T19:50:26.241Z] <<< [apiv2][status] POST https://cloudresourcemanager.googleapis.com/v1/projects 400
[debug] [2023-06-01T19:50:26.241Z] <<< [apiv2][body] POST https://cloudresourcemanager.googleapis.com/v1/projects {"error":{"code":400,"message":"field [project_id] has issue [project_id contains invalid characters]","status":"INVALID_ARGUMENT","details":[{"@type":"type.googleapis.com/google.rpc.BadRequest","fieldViolations":[{"field":"project_id","description":"project_id contains invalid characters"}]},{"@type":"type.googleapis.com/google.rpc.Help","links":[{"url":"https://cloud.google.com/resource-manager/reference/rest/v1/projects"}]}]}}
[debug] [2023-06-01T19:50:26.369Z] FirebaseError: HTTP Error: 400, field [project_id] has issue [project_id contains invalid characters]
    at responseToError (/usr/local/lib/node_modules/firebase-tools/lib/responseToError.js:49:12)
    at RetryOperation._fn (/usr/local/lib/node_modules/firebase-tools/lib/apiv2.js:288:77)
    at process.processTicksAndRejections (node:internal/process/task_queues:95:5)
[error] 
[error] Error: Failed to create project. See firebase-debug.log for more info.
